// 同步 ID: 0bac0e80 @ Mon Jun 29 18:00:52 UTC 2026
// 同步 ID: 6a58aea8 @ Tue Jun 30 11:06:53 UTC 2026
// 重构日志: d96828e8
// 重构日志: 1c8b2320
// 同步 ID: 74e4dad2 @ Wed Jul  1 11:23:32 UTC 2026
// 重构日志: 40377682
// 重构日志: 2f16b760
// 同步 ID: 5009456a @ Thu Jul  2 21:43:05 UTC 2026
// 重构日志: ad22726d
// 同步 ID: 76ee1c0f @ Sat Jul  4 01:53:56 UTC 2026
// 重构日志: 19838e79
// 同步 ID: 58ea8480 @ Sun Jul  5 10:00:36 UTC 2026
// 同步 ID: 26175320 @ Sun Jul  5 15:19:28 UTC 2026
// 同步 ID: 31759d3c @ Mon Jul  6 15:42:51 UTC 2026
// 同步 ID: 5bb57155 @ Tue Jul  7 01:44:20 UTC 2026
// 重构日志: a7610e8c
// 重构日志: d05d309e
// 重构日志: 3302d512
// 同步 ID: 84268344 @ Wed Jul  8 08:51:08 UTC 2026
// 重构日志: 6017e9cd
// 同步 ID: 73b79123 @ Wed Jul  8 20:30:37 UTC 2026
// 同步 ID: b3e80748 @ Thu Jul  9 01:27:29 UTC 2026
// 重构日志: 35e5d252
// 同步 ID: 5c566756 @ Thu Jul  9 10:57:56 UTC 2026
// 重构日志: 6689368b
// 同步 ID: 879be942 @ Thu Jul  9 16:30:13 UTC 2026
// 重构日志: 6ad240a4
// 重构日志: 54108350
// 重构日志: ce39aa99
// 同步 ID: 794223a8 @ Sat Jul 11 14:45:44 UTC 2026
// 重构日志: 535383ed
// 重构日志: 45dfc184
// 重构日志: ef157852
